mode: atomic
github.com/bryandmc/cryptchat/client.go:14.20,21.2 6 0
github.com/bryandmc/cryptchat/client.go:23.27,26.16 3 0
github.com/bryandmc/cryptchat/client.go:29.2,30.6 2 0
github.com/bryandmc/cryptchat/client.go:26.16,28.3 1 0
github.com/bryandmc/cryptchat/client.go:30.6,31.17 1 0
github.com/bryandmc/cryptchat/client.go:34.3,40.27 7 0
github.com/bryandmc/cryptchat/client.go:31.17,33.4 1 0
github.com/bryandmc/cryptchat/core.go:20.26,21.16 1 0
github.com/bryandmc/cryptchat/core.go:21.16,22.38 1 0
github.com/bryandmc/cryptchat/core.go:22.38,25.4 2 0
github.com/bryandmc/cryptchat/core.go:26.3,28.3 1 0
github.com/bryandmc/cryptchat/core.go:37.32,39.2 1 0
github.com/bryandmc/cryptchat/crypt.go:13.60,15.16 2 0
github.com/bryandmc/cryptchat/crypt.go:19.2,20.16 2 0
github.com/bryandmc/cryptchat/crypt.go:23.2,24.58 2 0
github.com/bryandmc/cryptchat/crypt.go:27.2,27.52 1 0
github.com/bryandmc/cryptchat/crypt.go:15.16,17.3 1 0
github.com/bryandmc/cryptchat/crypt.go:20.16,22.3 1 0
github.com/bryandmc/cryptchat/crypt.go:24.58,26.3 1 0
github.com/bryandmc/cryptchat/crypt.go:32.61,34.16 2 0
github.com/bryandmc/cryptchat/crypt.go:37.2,38.16 2 0
github.com/bryandmc/cryptchat/crypt.go:41.2,42.33 2 0
github.com/bryandmc/cryptchat/crypt.go:46.2,47.46 2 0
github.com/bryandmc/cryptchat/crypt.go:34.16,36.3 1 0
github.com/bryandmc/cryptchat/crypt.go:38.16,40.3 1 0
github.com/bryandmc/cryptchat/crypt.go:42.33,44.3 1 0
github.com/bryandmc/cryptchat/server.go:32.37,34.16 2 0
github.com/bryandmc/cryptchat/server.go:34.16,37.3 2 0
github.com/bryandmc/cryptchat/server.go:37.3,38.7 1 0
github.com/bryandmc/cryptchat/server.go:38.7,40.18 2 0
github.com/bryandmc/cryptchat/server.go:40.18,42.5 0 0
github.com/bryandmc/cryptchat/server.go:42.5,44.5 1 0
github.com/bryandmc/cryptchat/server.go:51.29,52.6 1 0
github.com/bryandmc/cryptchat/server.go:52.6,57.3 3 0
github.com/bryandmc/cryptchat/server.go:62.37,71.6 9 0
github.com/bryandmc/cryptchat/server.go:71.6,74.17 2 0
github.com/bryandmc/cryptchat/server.go:78.3,93.13 7 0
github.com/bryandmc/cryptchat/server.go:74.17,77.4 2 0
github.com/bryandmc/cryptchat/server.go:99.36,101.31 2 0
github.com/bryandmc/cryptchat/server.go:107.2,108.19 2 0
github.com/bryandmc/cryptchat/server.go:101.31,102.17 1 0
github.com/bryandmc/cryptchat/server.go:102.17,105.4 2 0
github.com/bryandmc/cryptchat/server.go:112.39,122.2 5 2
github.com/bryandmc/cryptchat/server.go:125.34,128.8 3 1
github.com/bryandmc/cryptchat/server.go:131.2,131.19 1 1
github.com/bryandmc/cryptchat/server.go:128.8,130.3 1 1
github.com/bryandmc/cryptchat/server.go:135.52,145.2 5 1
github.com/bryandmc/cryptchat/server.go:148.34,151.8 3 0
github.com/bryandmc/cryptchat/server.go:154.2,154.19 1 0
github.com/bryandmc/cryptchat/server.go:151.8,153.3 1 0
github.com/bryandmc/cryptchat/server.go:158.14,162.2 3 0
github.com/bryandmc/cryptchat/server.go:164.28,167.2 2 0
github.com/bryandmc/cryptchat/server.go:169.31,171.2 1 0
github.com/bryandmc/cryptchat/server.go:173.50,176.16 3 0
github.com/bryandmc/cryptchat/server.go:180.2,180.25 1 0
github.com/bryandmc/cryptchat/server.go:176.16,179.3 1 0
github.com/bryandmc/cryptchat/server.go:185.21,201.2 6 0
